# JRE version: OpenJDK Runtime Environment (8.0_202-b03) (build 1.8.0_202-release-1483-b03)
# Java VM: OpenJDK 64-Bit Server VM (25.202-b03 mixed mode windows-amd64 compressed oops)
Heap:
 PSYoungGen      total 119296K, used 33059K [0x00000000e0000000, 0x00000000ef800000, 0x0000000100000000)
  eden space 114688K, 28% used [0x00000000e0000000,0x00000000e2048df8,0x00000000e7000000)
  from space 4608K, 0% used [0x00000000e7000000,0x00000000e7000000,0x00000000e7480000)
  to   space 12288K, 0% used [0x00000000eec00000,0x00000000eec00000,0x00000000ef800000)
 ParOldGen       total 54784K, used 7505K [0x00000000a0000000, 0x00000000a3580000, 0x00000000e0000000)
  object space 54784K, 13% used [0x00000000a0000000,0x00000000a0754678,0x00000000a3580000)
 Metaspace       used 25637K, capacity 26082K, committed 26496K, reserved 1073152K
  class space    used 3457K, capacity 3648K, committed 3712K, reserved 1048576K
GC Heap History (10 events):
Event: 1.779 GC heap before
{Heap before GC invocations=2 (full 0):
 PSYoungGen      total 33280K, used 32772K [0x00000000e0000000, 0x00000000e4100000, 0x0000000100000000)
  eden space 28672K, 100% used [0x00000000e0000000,0x00000000e1c00000,0x00000000e1c00000)
  from space 4608K, 88% used [0x00000000e1c00000,0x00000000e2001130,0x00000000e2080000)
  to   space 4608K, 0% used [0x00000000e3c80000,0x00000000e3c80000,0x00000000e4100000)
 ParOldGen       total 76800K, used 8K [0x00000000a0000000, 0x00000000a4b00000, 0x00000000e0000000)
  object space 76800K, 0% used [0x00000000a0000000,0x00000000a0002000,0x00000000a4b00000)
 Metaspace       used 7071K, capacity 7290K, committed 7424K, reserved 1056768K
  class space    used 896K, capacity 949K, committed 1024K, reserved 1048576K
Event: 1.786 GC heap after
Heap after GC invocations=2 (full 0):
 PSYoungGen      total 61952K, used 3313K [0x00000000e0000000, 0x00000000e4100000, 0x0000000100000000)
  eden space 57344K, 0% used [0x00000000e0000000,0x00000000e0000000,0x00000000e3800000)
  from space 4608K, 71% used [0x00000000e3c80000,0x00000000e3fbc5f0,0x00000000e4100000)
  to   space 4608K, 0% used [0x00000000e3800000,0x00000000e3800000,0x00000000e3c80000)
 ParOldGen       total 76800K, used 16K [0x00000000a0000000, 0x00000000a4b00000, 0x00000000e0000000)
  object space 76800K, 0% used [0x00000000a0000000,0x00000000a0004000,0x00000000a4b00000)
 Metaspace       used 7071K, capacity 7290K, committed 7424K, reserved 1056768K
  class space    used 896K, capacity 949K, committed 1024K, reserved 1048576K
}
Event: 5.029 GC heap before
{Heap before GC invocations=3 (full 0):
 PSYoungGen      total 61952K, used 60657K [0x00000000e0000000, 0x00000000e4100000, 0x0000000100000000)
  eden space 57344K, 100% used [0x00000000e0000000,0x00000000e3800000,0x00000000e3800000)
  from space 4608K, 71% used [0x00000000e3c80000,0x00000000e3fbc5f0,0x00000000e4100000)
  to   space 4608K, 0% used [0x00000000e3800000,0x00000000e3800000,0x00000000e3c80000)
 ParOldGen       total 76800K, used 16K [0x00000000a0000000, 0x00000000a4b00000, 0x00000000e0000000)
  object space 76800K, 0% used [0x00000000a0000000,0x00000000a0004000,0x00000000a4b00000)
 Metaspace       used 14289K, capacity 14678K, committed 14976K, reserved 1062912K
  class space    used 2008K, capacity 2117K, committed 2176K, reserved 1048576K
Event: 5.044 GC heap after
Heap after GC invocations=3 (full 0):
 PSYoungGen      total 61952K, used 4576K [0x00000000e0000000, 0x00000000e7900000, 0x0000000100000000)
  eden space 57344K, 0% used [0x00000000e0000000,0x00000000e0000000,0x00000000e3800000)
  from space 4608K, 99% used [0x00000000e3800000,0x00000000e3c78020,0x00000000e3c80000)
  to   space 4608K, 0% used [0x00000000e7480000,0x00000000e7480000,0x00000000e7900000)
 ParOldGen       total 76800K, used 4465K [0x00000000a0000000, 0x00000000a4b00000, 0x00000000e0000000)
  object space 76800K, 5% used [0x00000000a0000000,0x00000000a045c630,0x00000000a4b00000)
 Metaspace       used 14289K, capacity 14678K, committed 14976K, reserved 1062912K
  class space    used 2008K, capacity 2117K, committed 2176K, reserved 1048576K
}
Event: 6.956 GC heap before
{Heap before GC invocations=4 (full 0):
 PSYoungGen      total 61952K, used 61920K [0x00000000e0000000, 0x00000000e7900000, 0x0000000100000000)
  eden space 57344K, 100% used [0x00000000e0000000,0x00000000e3800000,0x00000000e3800000)
  from space 4608K, 99% used [0x00000000e3800000,0x00000000e3c78020,0x00000000e3c80000)
  to   space 4608K, 0% used [0x00000000e7480000,0x00000000e7480000,0x00000000e7900000)
 ParOldGen       total 76800K, used 4465K [0x00000000a0000000, 0x00000000a4b00000, 0x00000000e0000000)
  object space 76800K, 5% used [0x00000000a0000000,0x00000000a045c630,0x00000000a4b00000)
 Metaspace       used 19665K, capacity 20016K, committed 20224K, reserved 1067008K
  class space    used 2846K, capacity 2998K, committed 3072K, reserved 1048576K
Event: 6.972 GC heap after
Heap after GC invocations=4 (full 0):
 PSYoungGen      total 119296K, used 4576K [0x00000000e0000000, 0x00000000e7900000, 0x0000000100000000)
  eden space 114688K, 0% used [0x00000000e0000000,0x00000000e0000000,0x00000000e7000000)
  from space 4608K, 99% used [0x00000000e7480000,0x00000000e78f8020,0x00000000e7900000)
  to   space 4608K, 0% used [0x00000000e7000000,0x00000000e7000000,0x00000000e7480000)
 ParOldGen       total 76800K, used 11086K [0x00000000a0000000, 0x00000000a4b00000, 0x00000000e0000000)
  object space 76800K, 14% used [0x00000000a0000000,0x00000000a0ad39b0,0x00000000a4b00000)
 Metaspace       used 19665K, capacity 20016K, committed 20224K, reserved 1067008K
  class space    used 2846K, capacity 2998K, committed 3072K, reserved 1048576K
}
Event: 7.268 GC heap before
{Heap before GC invocations=5 (full 0):
 PSYoungGen      total 119296K, used 12270K [0x00000000e0000000, 0x00000000e7900000, 0x0000000100000000)
  eden space 114688K, 6% used [0x00000000e0000000,0x00000000e0783828,0x00000000e7000000)
  from space 4608K, 99% used [0x00000000e7480000,0x00000000e78f8020,0x00000000e7900000)
  to   space 4608K, 0% used [0x00000000e7000000,0x00000000e7000000,0x00000000e7480000)
 ParOldGen       total 76800K, used 11086K [0x00000000a0000000, 0x00000000a4b00000, 0x00000000e0000000)
  object space 76800K, 14% used [0x00000000a0000000,0x00000000a0ad39b0,0x00000000a4b00000)
 Metaspace       used 20744K, capacity 21104K, committed 21248K, reserved 1067008K
  class space    used 2917K, capacity 3062K, committed 3072K, reserved 1048576K
Event: 7.274 GC heap after
Heap after GC invocations=5 (full 0):
 PSYoungGen      total 119296K, used 4578K [0x00000000e0000000, 0x00000000ef800000, 0x0000000100000000)
  eden space 114688K, 0% used [0x00000000e0000000,0x00000000e0000000,0x00000000e7000000)
  from space 4608K, 99% used [0x00000000e7000000,0x00000000e7478a50,0x00000000e7480000)
  to   space 12288K, 0% used [0x00000000eec00000,0x00000000eec00000,0x00000000ef800000)
 ParOldGen       total 76800K, used 12168K [0x00000000a0000000, 0x00000000a4b00000, 0x00000000e0000000)
  object space 76800K, 15% used [0x00000000a0000000,0x00000000a0be2300,0x00000000a4b00000)
 Metaspace       used 20744K, capacity 21104K, committed 21248K, reserved 1067008K
  class space    used 2917K, capacity 3062K, committed 3072K, reserved 1048576K
}
Event: 7.274 GC heap before
{Heap before GC invocations=6 (full 1):
 PSYoungGen      total 119296K, used 4578K [0x00000000e0000000, 0x00000000ef800000, 0x0000000100000000)
  eden space 114688K, 0% used [0x00000000e0000000,0x00000000e0000000,0x00000000e7000000)
  from space 4608K, 99% used [0x00000000e7000000,0x00000000e7478a50,0x00000000e7480000)
  to   space 12288K, 0% used [0x00000000eec00000,0x00000000eec00000,0x00000000ef800000)
 ParOldGen       total 76800K, used 12168K [0x00000000a0000000, 0x00000000a4b00000, 0x00000000e0000000)
  object space 76800K, 15% used [0x00000000a0000000,0x00000000a0be2300,0x00000000a4b00000)
 Metaspace       used 20744K, capacity 21104K, committed 21248K, reserved 1067008K
  class space    used 2917K, capacity 3062K, committed 3072K, reserved 1048576K
Event: 7.343 GC heap after
Heap after GC invocations=6 (full 1):
 PSYoungGen      total 119296K, used 0K [0x00000000e0000000, 0x00000000ef800000, 0x0000000100000000)
  eden space 114688K, 0% used [0x00000000e0000000,0x00000000e0000000,0x00000000e7000000)
  from space 4608K, 0% used [0x00000000e7000000,0x00000000e7000000,0x00000000e7480000)
  to   space 12288K, 0% used [0x00000000eec00000,0x00000000eec00000,0x00000000ef800000)
 ParOldGen       total 54784K, used 7505K [0x00000000a0000000, 0x00000000a3580000, 0x00000000e0000000)
  object space 54784K, 13% used [0x00000000a0000000,0x00000000a0754678,0x00000000a3580000)
 Metaspace       used 20744K, capacity 21104K, committed 21248K, reserved 1067008K
  class space    used 2917K, capacity 3062K, committed 3072K, reserved 1048576K
}

