# JRE version: OpenJDK Runtime Environment (8.0_202-b03) (build 1.8.0_202-release-1483-b03)
# Java VM: OpenJDK 64-Bit Server VM (25.202-b03 mixed mode windows-amd64 compressed oops)
Heap:
 PSYoungGen      total 339968K, used 36219K [0x00000000e0000000, 0x00000000f9d80000, 0x0000000100000000)
  eden space 317952K, 11% used [0x00000000e0000000,0x00000000e235ed18,0x00000000f3680000)
  from space 22016K, 0% used [0x00000000f3680000,0x00000000f3680000,0x00000000f4c00000)
  to   space 29184K, 0% used [0x00000000f8100000,0x00000000f8100000,0x00000000f9d80000)
 ParOldGen       total 101376K, used 74737K [0x00000000a0000000, 0x00000000a6300000, 0x00000000e0000000)
  object space 101376K, 73% used [0x00000000a0000000,0x00000000a48fc430,0x00000000a6300000)
 Metaspace       used 103021K, capacity 105552K, committed 106008K, reserved 1140736K
  class space    used 13458K, capacity 14098K, committed 14120K, reserved 1048576K
GC Heap History (10 events):
Event: 19.862 GC heap before
{Heap before GC invocations=17 (full 3):
 PSYoungGen      total 202240K, used 185344K [0x00000000e0000000, 0x00000000f2180000, 0x0000000100000000)
  eden space 185344K, 100% used [0x00000000e0000000,0x00000000eb500000,0x00000000eb500000)
  from space 16896K, 0% used [0x00000000eb500000,0x00000000eb500000,0x00000000ec580000)
  to   space 15872K, 0% used [0x00000000f1200000,0x00000000f1200000,0x00000000f2180000)
 ParOldGen       total 101376K, used 30000K [0x00000000a0000000, 0x00000000a6300000, 0x00000000e0000000)
  object space 101376K, 29% used [0x00000000a0000000,0x00000000a1d4c210,0x00000000a6300000)
 Metaspace       used 62008K, capacity 63850K, committed 64024K, reserved 1103872K
  class space    used 8295K, capacity 8714K, committed 8744K, reserved 1048576K
Event: 19.892 GC heap after
Heap after GC invocations=17 (full 3):
 PSYoungGen      total 263168K, used 15868K [0x00000000e0000000, 0x00000000f2180000, 0x0000000100000000)
  eden space 247296K, 0% used [0x00000000e0000000,0x00000000e0000000,0x00000000ef180000)
  from space 15872K, 99% used [0x00000000f1200000,0x00000000f217f290,0x00000000f2180000)
  to   space 19456K, 0% used [0x00000000efb80000,0x00000000efb80000,0x00000000f0e80000)
 ParOldGen       total 101376K, used 34184K [0x00000000a0000000, 0x00000000a6300000, 0x00000000e0000000)
  object space 101376K, 33% used [0x00000000a0000000,0x00000000a2162078,0x00000000a6300000)
 Metaspace       used 62008K, capacity 63850K, committed 64024K, reserved 1103872K
  class space    used 8295K, capacity 8714K, committed 8744K, reserved 1048576K
}
Event: 74.290 GC heap before
{Heap before GC invocations=18 (full 3):
 PSYoungGen      total 263168K, used 263164K [0x00000000e0000000, 0x00000000f2180000, 0x0000000100000000)
  eden space 247296K, 100% used [0x00000000e0000000,0x00000000ef180000,0x00000000ef180000)
  from space 15872K, 99% used [0x00000000f1200000,0x00000000f217f290,0x00000000f2180000)
  to   space 19456K, 0% used [0x00000000efb80000,0x00000000efb80000,0x00000000f0e80000)
 ParOldGen       total 101376K, used 34184K [0x00000000a0000000, 0x00000000a6300000, 0x00000000e0000000)
  object space 101376K, 33% used [0x00000000a0000000,0x00000000a2162078,0x00000000a6300000)
 Metaspace       used 72652K, capacity 74808K, committed 75160K, reserved 1114112K
  class space    used 9513K, capacity 10043K, committed 10152K, reserved 1048576K
Event: 74.341 GC heap after
Heap after GC invocations=18 (full 3):
 PSYoungGen      total 276992K, used 16277K [0x00000000e0000000, 0x00000000f6080000, 0x0000000100000000)
  eden space 257536K, 0% used [0x00000000e0000000,0x00000000e0000000,0x00000000efb80000)
  from space 19456K, 83% used [0x00000000efb80000,0x00000000f0b65400,0x00000000f0e80000)
  to   space 20992K, 0% used [0x00000000f4c00000,0x00000000f4c00000,0x00000000f6080000)
 ParOldGen       total 101376K, used 48909K [0x00000000a0000000, 0x00000000a6300000, 0x00000000e0000000)
  object space 101376K, 48% used [0x00000000a0000000,0x00000000a2fc35a0,0x00000000a6300000)
 Metaspace       used 72652K, capacity 74808K, committed 75160K, reserved 1114112K
  class space    used 9513K, capacity 10043K, committed 10152K, reserved 1048576K
}
Event: 92.088 GC heap before
{Heap before GC invocations=19 (full 3):
 PSYoungGen      total 276992K, used 273813K [0x00000000e0000000, 0x00000000f6080000, 0x0000000100000000)
  eden space 257536K, 100% used [0x00000000e0000000,0x00000000efb80000,0x00000000efb80000)
  from space 19456K, 83% used [0x00000000efb80000,0x00000000f0b65400,0x00000000f0e80000)
  to   space 20992K, 0% used [0x00000000f4c00000,0x00000000f4c00000,0x00000000f6080000)
 ParOldGen       total 101376K, used 48909K [0x00000000a0000000, 0x00000000a6300000, 0x00000000e0000000)
  object space 101376K, 48% used [0x00000000a0000000,0x00000000a2fc35a0,0x00000000a6300000)
 Metaspace       used 72712K, capacity 74820K, committed 75160K, reserved 1114112K
  class space    used 9515K, capacity 10045K, committed 10152K, reserved 1048576K
Event: 92.108 GC heap after
Heap after GC invocations=19 (full 3):
 PSYoungGen      total 338944K, used 256K [0x00000000e0000000, 0x00000000f6500000, 0x0000000100000000)
  eden space 317952K, 0% used [0x00000000e0000000,0x00000000e0000000,0x00000000f3680000)
  from space 20992K, 1% used [0x00000000f4c00000,0x00000000f4c40000,0x00000000f6080000)
  to   space 22016K, 0% used [0x00000000f3680000,0x00000000f3680000,0x00000000f4c00000)
 ParOldGen       total 101376K, used 58151K [0x00000000a0000000, 0x00000000a6300000, 0x00000000e0000000)
  object space 101376K, 57% used [0x00000000a0000000,0x00000000a38c9f90,0x00000000a6300000)
 Metaspace       used 72712K, capacity 74820K, committed 75160K, reserved 1114112K
  class space    used 9515K, capacity 10045K, committed 10152K, reserved 1048576K
}
Event: 99.325 GC heap before
{Heap before GC invocations=20 (full 3):
 PSYoungGen      total 338944K, used 180937K [0x00000000e0000000, 0x00000000f6500000, 0x0000000100000000)
  eden space 317952K, 56% used [0x00000000e0000000,0x00000000eb072778,0x00000000f3680000)
  from space 20992K, 1% used [0x00000000f4c00000,0x00000000f4c40000,0x00000000f6080000)
  to   space 22016K, 0% used [0x00000000f3680000,0x00000000f3680000,0x00000000f4c00000)
 ParOldGen       total 101376K, used 58151K [0x00000000a0000000, 0x00000000a6300000, 0x00000000e0000000)
  object space 101376K, 57% used [0x00000000a0000000,0x00000000a38c9f90,0x00000000a6300000)
 Metaspace       used 95881K, capacity 98328K, committed 98584K, reserved 1134592K
  class space    used 12465K, capacity 13037K, committed 13096K, reserved 1048576K
Event: 99.372 GC heap after
Heap after GC invocations=20 (full 3):
 PSYoungGen      total 339968K, used 22014K [0x00000000e0000000, 0x00000000f9d80000, 0x0000000100000000)
  eden space 317952K, 0% used [0x00000000e0000000,0x00000000e0000000,0x00000000f3680000)
  from space 22016K, 99% used [0x00000000f3680000,0x00000000f4bff9a0,0x00000000f4c00000)
  to   space 29184K, 0% used [0x00000000f8100000,0x00000000f8100000,0x00000000f9d80000)
 ParOldGen       total 101376K, used 68019K [0x00000000a0000000, 0x00000000a6300000, 0x00000000e0000000)
  object space 101376K, 67% used [0x00000000a0000000,0x00000000a426ce20,0x00000000a6300000)
 Metaspace       used 95881K, capacity 98328K, committed 98584K, reserved 1134592K
  class space    used 12465K, capacity 13037K, committed 13096K, reserved 1048576K
}
Event: 99.372 GC heap before
{Heap before GC invocations=21 (full 4):
 PSYoungGen      total 339968K, used 22014K [0x00000000e0000000, 0x00000000f9d80000, 0x0000000100000000)
  eden space 317952K, 0% used [0x00000000e0000000,0x00000000e0000000,0x00000000f3680000)
  from space 22016K, 99% used [0x00000000f3680000,0x00000000f4bff9a0,0x00000000f4c00000)
  to   space 29184K, 0% used [0x00000000f8100000,0x00000000f8100000,0x00000000f9d80000)
 ParOldGen       total 101376K, used 68019K [0x00000000a0000000, 0x00000000a6300000, 0x00000000e0000000)
  object space 101376K, 67% used [0x00000000a0000000,0x00000000a426ce20,0x00000000a6300000)
 Metaspace       used 95881K, capacity 98328K, committed 98584K, reserved 1134592K
  class space    used 12465K, capacity 13037K, committed 13096K, reserved 1048576K
Event: 99.632 GC heap after
Heap after GC invocations=21 (full 4):
 PSYoungGen      total 339968K, used 0K [0x00000000e0000000, 0x00000000f9d80000, 0x0000000100000000)
  eden space 317952K, 0% used [0x00000000e0000000,0x00000000e0000000,0x00000000f3680000)
  from space 22016K, 0% used [0x00000000f3680000,0x00000000f3680000,0x00000000f4c00000)
  to   space 29184K, 0% used [0x00000000f8100000,0x00000000f8100000,0x00000000f9d80000)
 ParOldGen       total 101376K, used 74737K [0x00000000a0000000, 0x00000000a6300000, 0x00000000e0000000)
  object space 101376K, 73% used [0x00000000a0000000,0x00000000a48fc430,0x00000000a6300000)
 Metaspace       used 95824K, capacity 98218K, committed 98584K, reserved 1134592K
  class space    used 12450K, capacity 13012K, committed 13096K, reserved 1048576K
}

