# JRE version: OpenJDK Runtime Environment (8.0_202-b03) (build 1.8.0_202-release-1483-b03)
# Java VM: OpenJDK 64-Bit Server VM (25.202-b03 mixed mode windows-amd64 compressed oops)
Heap:
 PSYoungGen      total 268288K, used 20362K [0x00000000e0000000, 0x00000000f4e00000, 0x0000000100000000)
  eden space 238080K, 4% used [0x00000000e0000000,0x00000000e0b529d0,0x00000000ee880000)
  from space 30208K, 29% used [0x00000000ee880000,0x00000000ef110008,0x00000000f0600000)
  to   space 29696K, 0% used [0x00000000f3100000,0x00000000f3100000,0x00000000f4e00000)
 ParOldGen       total 113152K, used 75508K [0x00000000a0000000, 0x00000000a6e80000, 0x00000000e0000000)
  object space 113152K, 66% used [0x00000000a0000000,0x00000000a49bd078,0x00000000a6e80000)
 Metaspace       used 86145K, capacity 90665K, committed 90776K, reserved 1128448K
  class space    used 11288K, capacity 12144K, committed 12200K, reserved 1048576K
GC Heap History (10 events):
Event: 483.326 GC heap before
{Heap before GC invocations=30 (full 3):
 PSYoungGen      total 200704K, used 193888K [0x00000000e0000000, 0x00000000ee880000, 0x0000000100000000)
  eden space 171520K, 100% used [0x00000000e0000000,0x00000000ea780000,0x00000000ea780000)
  from space 29184K, 76% used [0x00000000ec600000,0x00000000edbd83e0,0x00000000ee280000)
  to   space 31232K, 0% used [0x00000000ea780000,0x00000000ea780000,0x00000000ec600000)
 ParOldGen       total 113152K, used 56310K [0x00000000a0000000, 0x00000000a6e80000, 0x00000000e0000000)
  object space 113152K, 49% used [0x00000000a0000000,0x00000000a36fda70,0x00000000a6e80000)
 Metaspace       used 85564K, capacity 90071K, committed 90264K, reserved 1128448K
  class space    used 11219K, capacity 12077K, committed 12200K, reserved 1048576K
Event: 483.353 GC heap after
Heap after GC invocations=30 (full 3):
 PSYoungGen      total 202752K, used 21694K [0x00000000e0000000, 0x00000000eff80000, 0x0000000100000000)
  eden space 171520K, 0% used [0x00000000e0000000,0x00000000e0000000,0x00000000ea780000)
  from space 31232K, 69% used [0x00000000ea780000,0x00000000ebcafa48,0x00000000ec600000)
  to   space 32256K, 0% used [0x00000000ee000000,0x00000000ee000000,0x00000000eff80000)
 ParOldGen       total 113152K, used 56318K [0x00000000a0000000, 0x00000000a6e80000, 0x00000000e0000000)
  object space 113152K, 49% used [0x00000000a0000000,0x00000000a36ffa70,0x00000000a6e80000)
 Metaspace       used 85564K, capacity 90071K, committed 90264K, reserved 1128448K
  class space    used 11219K, capacity 12077K, committed 12200K, reserved 1048576K
}
Event: 484.460 GC heap before
{Heap before GC invocations=31 (full 3):
 PSYoungGen      total 202752K, used 193214K [0x00000000e0000000, 0x00000000eff80000, 0x0000000100000000)
  eden space 171520K, 100% used [0x00000000e0000000,0x00000000ea780000,0x00000000ea780000)
  from space 31232K, 69% used [0x00000000ea780000,0x00000000ebcafa48,0x00000000ec600000)
  to   space 32256K, 0% used [0x00000000ee000000,0x00000000ee000000,0x00000000eff80000)
 ParOldGen       total 113152K, used 56318K [0x00000000a0000000, 0x00000000a6e80000, 0x00000000e0000000)
  object space 113152K, 49% used [0x00000000a0000000,0x00000000a36ffa70,0x00000000a6e80000)
 Metaspace       used 85593K, capacity 90081K, committed 90264K, reserved 1128448K
  class space    used 11220K, capacity 12078K, committed 12200K, reserved 1048576K
Event: 484.538 GC heap after
Heap after GC invocations=31 (full 3):
 PSYoungGen      total 230912K, used 14203K [0x00000000e0000000, 0x00000000f0180000, 0x0000000100000000)
  eden space 198656K, 0% used [0x00000000e0000000,0x00000000e0000000,0x00000000ec200000)
  from space 32256K, 44% used [0x00000000ee000000,0x00000000eeddee70,0x00000000eff80000)
  to   space 30720K, 0% used [0x00000000ec200000,0x00000000ec200000,0x00000000ee000000)
 ParOldGen       total 113152K, used 66605K [0x00000000a0000000, 0x00000000a6e80000, 0x00000000e0000000)
  object space 113152K, 58% used [0x00000000a0000000,0x00000000a410b7e0,0x00000000a6e80000)
 Metaspace       used 85593K, capacity 90081K, committed 90264K, reserved 1128448K
  class space    used 11220K, capacity 12078K, committed 12200K, reserved 1048576K
}
Event: 485.538 GC heap before
{Heap before GC invocations=32 (full 3):
 PSYoungGen      total 230912K, used 212859K [0x00000000e0000000, 0x00000000f0180000, 0x0000000100000000)
  eden space 198656K, 100% used [0x00000000e0000000,0x00000000ec200000,0x00000000ec200000)
  from space 32256K, 44% used [0x00000000ee000000,0x00000000eeddee70,0x00000000eff80000)
  to   space 30720K, 0% used [0x00000000ec200000,0x00000000ec200000,0x00000000ee000000)
 ParOldGen       total 113152K, used 66605K [0x00000000a0000000, 0x00000000a6e80000, 0x00000000e0000000)
  object space 113152K, 58% used [0x00000000a0000000,0x00000000a410b7e0,0x00000000a6e80000)
 Metaspace       used 85658K, capacity 90177K, committed 90520K, reserved 1128448K
  class space    used 11228K, capacity 12084K, committed 12200K, reserved 1048576K
Event: 485.611 GC heap after
Heap after GC invocations=32 (full 3):
 PSYoungGen      total 229376K, used 18921K [0x00000000e0000000, 0x00000000f2400000, 0x0000000100000000)
  eden space 198656K, 0% used [0x00000000e0000000,0x00000000e0000000,0x00000000ec200000)
  from space 30720K, 61% used [0x00000000ec200000,0x00000000ed47a668,0x00000000ee000000)
  to   space 30720K, 0% used [0x00000000f0600000,0x00000000f0600000,0x00000000f2400000)
 ParOldGen       total 113152K, used 68354K [0x00000000a0000000, 0x00000000a6e80000, 0x00000000e0000000)
  object space 113152K, 60% used [0x00000000a0000000,0x00000000a42c0968,0x00000000a6e80000)
 Metaspace       used 85658K, capacity 90177K, committed 90520K, reserved 1128448K
  class space    used 11228K, capacity 12084K, committed 12200K, reserved 1048576K
}
Event: 486.604 GC heap before
{Heap before GC invocations=33 (full 3):
 PSYoungGen      total 229376K, used 217577K [0x00000000e0000000, 0x00000000f2400000, 0x0000000100000000)
  eden space 198656K, 100% used [0x00000000e0000000,0x00000000ec200000,0x00000000ec200000)
  from space 30720K, 61% used [0x00000000ec200000,0x00000000ed47a668,0x00000000ee000000)
  to   space 30720K, 0% used [0x00000000f0600000,0x00000000f0600000,0x00000000f2400000)
 ParOldGen       total 113152K, used 68354K [0x00000000a0000000, 0x00000000a6e80000, 0x00000000e0000000)
  object space 113152K, 60% used [0x00000000a0000000,0x00000000a42c0968,0x00000000a6e80000)
 Metaspace       used 85817K, capacity 90305K, committed 90520K, reserved 1128448K
  class space    used 11240K, capacity 12084K, committed 12200K, reserved 1048576K
Event: 486.663 GC heap after
Heap after GC invocations=33 (full 3):
 PSYoungGen      total 268800K, used 9873K [0x00000000e0000000, 0x00000000f2480000, 0x0000000100000000)
  eden space 238080K, 0% used [0x00000000e0000000,0x00000000e0000000,0x00000000ee880000)
  from space 30720K, 32% used [0x00000000f0600000,0x00000000f0fa44f8,0x00000000f2400000)
  to   space 30208K, 0% used [0x00000000ee880000,0x00000000ee880000,0x00000000f0600000)
 ParOldGen       total 113152K, used 74674K [0x00000000a0000000, 0x00000000a6e80000, 0x00000000e0000000)
  object space 113152K, 65% used [0x00000000a0000000,0x00000000a48ec8b0,0x00000000a6e80000)
 Metaspace       used 85817K, capacity 90305K, committed 90520K, reserved 1128448K
  class space    used 11240K, capacity 12084K, committed 12200K, reserved 1048576K
}
Event: 489.329 GC heap before
{Heap before GC invocations=34 (full 3):
 PSYoungGen      total 268800K, used 247953K [0x00000000e0000000, 0x00000000f2480000, 0x0000000100000000)
  eden space 238080K, 100% used [0x00000000e0000000,0x00000000ee880000,0x00000000ee880000)
  from space 30720K, 32% used [0x00000000f0600000,0x00000000f0fa44f8,0x00000000f2400000)
  to   space 30208K, 0% used [0x00000000ee880000,0x00000000ee880000,0x00000000f0600000)
 ParOldGen       total 113152K, used 74674K [0x00000000a0000000, 0x00000000a6e80000, 0x00000000e0000000)
  object space 113152K, 65% used [0x00000000a0000000,0x00000000a48ec8b0,0x00000000a6e80000)
 Metaspace       used 86129K, capacity 90665K, committed 90776K, reserved 1128448K
  class space    used 11287K, capacity 12144K, committed 12200K, reserved 1048576K
Event: 489.351 GC heap after
Heap after GC invocations=34 (full 3):
 PSYoungGen      total 268288K, used 8768K [0x00000000e0000000, 0x00000000f4e00000, 0x0000000100000000)
  eden space 238080K, 0% used [0x00000000e0000000,0x00000000e0000000,0x00000000ee880000)
  from space 30208K, 29% used [0x00000000ee880000,0x00000000ef110008,0x00000000f0600000)
  to   space 29696K, 0% used [0x00000000f3100000,0x00000000f3100000,0x00000000f4e00000)
 ParOldGen       total 113152K, used 75508K [0x00000000a0000000, 0x00000000a6e80000, 0x00000000e0000000)
  object space 113152K, 66% used [0x00000000a0000000,0x00000000a49bd078,0x00000000a6e80000)
 Metaspace       used 86129K, capacity 90665K, committed 90776K, reserved 1128448K
  class space    used 11287K, capacity 12144K, committed 12200K, reserved 1048576K
}

