# JRE version: OpenJDK Runtime Environment (8.0_202-b03) (build 1.8.0_202-release-1483-b03)
# Java VM: OpenJDK 64-Bit Server VM (25.202-b03 mixed mode windows-amd64 compressed oops)
Heap:
 PSYoungGen      total 237568K, used 126695K [0x00000000e0000000, 0x00000000f1f80000, 0x0000000100000000)
  eden space 218624K, 57% used [0x00000000e0000000,0x00000000e7bb9e40,0x00000000ed580000)
  from space 18944K, 0% used [0x00000000ef500000,0x00000000ef500000,0x00000000f0780000)
  to   space 32256K, 0% used [0x00000000ed580000,0x00000000ed580000,0x00000000ef500000)
 ParOldGen       total 188416K, used 74626K [0x00000000a0000000, 0x00000000ab800000, 0x00000000e0000000)
  object space 188416K, 39% used [0x00000000a0000000,0x00000000a48e09c8,0x00000000ab800000)
 Metaspace       used 108312K, capacity 112106K, committed 112280K, reserved 1146880K
  class space    used 14153K, capacity 14979K, committed 15016K, reserved 1048576K
GC Heap History (10 events):
Event: 13.326 GC heap before
{Heap before GC invocations=14 (full 2):
 PSYoungGen      total 158720K, used 125114K [0x00000000e0000000, 0x00000000edb00000, 0x0000000100000000)
  eden space 146944K, 77% used [0x00000000e0000000,0x00000000e6eb1310,0x00000000e8f80000)
  from space 11776K, 99% used [0x00000000e8f80000,0x00000000e9afd630,0x00000000e9b00000)
  to   space 15360K, 0% used [0x00000000ecc00000,0x00000000ecc00000,0x00000000edb00000)
 ParOldGen       total 69632K, used 22780K [0x00000000a0000000, 0x00000000a4400000, 0x00000000e0000000)
  object space 69632K, 32% used [0x00000000a0000000,0x00000000a163f260,0x00000000a4400000)
 Metaspace       used 57534K, capacity 59140K, committed 59160K, reserved 1099776K
  class space    used 7820K, capacity 8225K, committed 8232K, reserved 1048576K
Event: 13.369 GC heap after
Heap after GC invocations=14 (full 2):
 PSYoungGen      total 207872K, used 12175K [0x00000000e0000000, 0x00000000edc80000, 0x0000000100000000)
  eden space 192512K, 0% used [0x00000000e0000000,0x00000000e0000000,0x00000000ebc00000)
  from space 15360K, 79% used [0x00000000ecc00000,0x00000000ed7e3c40,0x00000000edb00000)
  to   space 16384K, 0% used [0x00000000ebc00000,0x00000000ebc00000,0x00000000ecc00000)
 ParOldGen       total 69632K, used 31425K [0x00000000a0000000, 0x00000000a4400000, 0x00000000e0000000)
  object space 69632K, 45% used [0x00000000a0000000,0x00000000a1eb0490,0x00000000a4400000)
 Metaspace       used 57534K, capacity 59140K, committed 59160K, reserved 1099776K
  class space    used 7820K, capacity 8225K, committed 8232K, reserved 1048576K
}
Event: 13.369 GC heap before
{Heap before GC invocations=15 (full 3):
 PSYoungGen      total 207872K, used 12175K [0x00000000e0000000, 0x00000000edc80000, 0x0000000100000000)
  eden space 192512K, 0% used [0x00000000e0000000,0x00000000e0000000,0x00000000ebc00000)
  from space 15360K, 79% used [0x00000000ecc00000,0x00000000ed7e3c40,0x00000000edb00000)
  to   space 16384K, 0% used [0x00000000ebc00000,0x00000000ebc00000,0x00000000ecc00000)
 ParOldGen       total 69632K, used 31425K [0x00000000a0000000, 0x00000000a4400000, 0x00000000e0000000)
  object space 69632K, 45% used [0x00000000a0000000,0x00000000a1eb0490,0x00000000a4400000)
 Metaspace       used 57534K, capacity 59140K, committed 59160K, reserved 1099776K
  class space    used 7820K, capacity 8225K, committed 8232K, reserved 1048576K
Event: 13.689 GC heap after
Heap after GC invocations=15 (full 3):
 PSYoungGen      total 207872K, used 0K [0x00000000e0000000, 0x00000000edc80000, 0x0000000100000000)
  eden space 192512K, 0% used [0x00000000e0000000,0x00000000e0000000,0x00000000ebc00000)
  from space 15360K, 0% used [0x00000000ecc00000,0x00000000ecc00000,0x00000000edb00000)
  to   space 16384K, 0% used [0x00000000ebc00000,0x00000000ebc00000,0x00000000ecc00000)
 ParOldGen       total 111616K, used 34658K [0x00000000a0000000, 0x00000000a6d00000, 0x00000000e0000000)
  object space 111616K, 31% used [0x00000000a0000000,0x00000000a21d88b0,0x00000000a6d00000)
 Metaspace       used 57534K, capacity 59140K, committed 59160K, reserved 1099776K
  class space    used 7820K, capacity 8225K, committed 8232K, reserved 1048576K
}
Event: 17.937 GC heap before
{Heap before GC invocations=16 (full 3):
 PSYoungGen      total 207872K, used 192512K [0x00000000e0000000, 0x00000000edc80000, 0x0000000100000000)
  eden space 192512K, 100% used [0x00000000e0000000,0x00000000ebc00000,0x00000000ebc00000)
  from space 15360K, 0% used [0x00000000ecc00000,0x00000000ecc00000,0x00000000edb00000)
  to   space 16384K, 0% used [0x00000000ebc00000,0x00000000ebc00000,0x00000000ecc00000)
 ParOldGen       total 111616K, used 34658K [0x00000000a0000000, 0x00000000a6d00000, 0x00000000e0000000)
  object space 111616K, 31% used [0x00000000a0000000,0x00000000a21d88b0,0x00000000a6d00000)
 Metaspace       used 65878K, capacity 68284K, committed 68504K, reserved 1107968K
  class space    used 8774K, capacity 9315K, committed 9384K, reserved 1048576K
Event: 17.969 GC heap after
Heap after GC invocations=16 (full 3):
 PSYoungGen      total 208896K, used 16352K [0x00000000e0000000, 0x00000000f0780000, 0x0000000100000000)
  eden space 192512K, 0% used [0x00000000e0000000,0x00000000e0000000,0x00000000ebc00000)
  from space 16384K, 99% used [0x00000000ebc00000,0x00000000ecbf8058,0x00000000ecc00000)
  to   space 18944K, 0% used [0x00000000ef500000,0x00000000ef500000,0x00000000f0780000)
 ParOldGen       total 111616K, used 35467K [0x00000000a0000000, 0x00000000a6d00000, 0x00000000e0000000)
  object space 111616K, 31% used [0x00000000a0000000,0x00000000a22a2e08,0x00000000a6d00000)
 Metaspace       used 65878K, capacity 68284K, committed 68504K, reserved 1107968K
  class space    used 8774K, capacity 9315K, committed 9384K, reserved 1048576K
}
Event: 23.347 GC heap before
{Heap before GC invocations=17 (full 3):
 PSYoungGen      total 208896K, used 191237K [0x00000000e0000000, 0x00000000f0780000, 0x0000000100000000)
  eden space 192512K, 90% used [0x00000000e0000000,0x00000000eaac9520,0x00000000ebc00000)
  from space 16384K, 99% used [0x00000000ebc00000,0x00000000ecbf8058,0x00000000ecc00000)
  to   space 18944K, 0% used [0x00000000ef500000,0x00000000ef500000,0x00000000f0780000)
 ParOldGen       total 111616K, used 35467K [0x00000000a0000000, 0x00000000a6d00000, 0x00000000e0000000)
  object space 111616K, 31% used [0x00000000a0000000,0x00000000a22a2e08,0x00000000a6d00000)
 Metaspace       used 95777K, capacity 98538K, committed 98600K, reserved 1134592K
  class space    used 12596K, capacity 13209K, committed 13224K, reserved 1048576K
Event: 23.411 GC heap after
Heap after GC invocations=17 (full 3):
 PSYoungGen      total 237568K, used 18913K [0x00000000e0000000, 0x00000000f1f80000, 0x0000000100000000)
  eden space 218624K, 0% used [0x00000000e0000000,0x00000000e0000000,0x00000000ed580000)
  from space 18944K, 99% used [0x00000000ef500000,0x00000000f07787b8,0x00000000f0780000)
  to   space 32256K, 0% used [0x00000000ed580000,0x00000000ed580000,0x00000000ef500000)
 ParOldGen       total 111616K, used 64251K [0x00000000a0000000, 0x00000000a6d00000, 0x00000000e0000000)
  object space 111616K, 57% used [0x00000000a0000000,0x00000000a3ebed88,0x00000000a6d00000)
 Metaspace       used 95777K, capacity 98538K, committed 98600K, reserved 1134592K
  class space    used 12596K, capacity 13209K, committed 13224K, reserved 1048576K
}
Event: 23.411 GC heap before
{Heap before GC invocations=18 (full 4):
 PSYoungGen      total 237568K, used 18913K [0x00000000e0000000, 0x00000000f1f80000, 0x0000000100000000)
  eden space 218624K, 0% used [0x00000000e0000000,0x00000000e0000000,0x00000000ed580000)
  from space 18944K, 99% used [0x00000000ef500000,0x00000000f07787b8,0x00000000f0780000)
  to   space 32256K, 0% used [0x00000000ed580000,0x00000000ed580000,0x00000000ef500000)
 ParOldGen       total 111616K, used 64251K [0x00000000a0000000, 0x00000000a6d00000, 0x00000000e0000000)
  object space 111616K, 57% used [0x00000000a0000000,0x00000000a3ebed88,0x00000000a6d00000)
 Metaspace       used 95777K, capacity 98538K, committed 98600K, reserved 1134592K
  class space    used 12596K, capacity 13209K, committed 13224K, reserved 1048576K
Event: 23.659 GC heap after
Heap after GC invocations=18 (full 4):
 PSYoungGen      total 237568K, used 0K [0x00000000e0000000, 0x00000000f1f80000, 0x0000000100000000)
  eden space 218624K, 0% used [0x00000000e0000000,0x00000000e0000000,0x00000000ed580000)
  from space 18944K, 0% used [0x00000000ef500000,0x00000000ef500000,0x00000000f0780000)
  to   space 32256K, 0% used [0x00000000ed580000,0x00000000ed580000,0x00000000ef500000)
 ParOldGen       total 188416K, used 74626K [0x00000000a0000000, 0x00000000ab800000, 0x00000000e0000000)
  object space 188416K, 39% used [0x00000000a0000000,0x00000000a48e09c8,0x00000000ab800000)
 Metaspace       used 95590K, capacity 98004K, committed 98600K, reserved 1134592K
  class space    used 12538K, capacity 13106K, committed 13224K, reserved 1048576K
}

