# JRE version: OpenJDK Runtime Environment (8.0_202-b03) (build 1.8.0_202-release-1483-b03)
# Java VM: OpenJDK 64-Bit Server VM (25.202-b03 mixed mode windows-amd64 compressed oops)
Heap:
 PSYoungGen      total 344576K, used 215546K [0x00000000e0000000, 0x00000000f6c80000, 0x0000000100000000)
  eden space 323072K, 60% used [0x00000000e0000000,0x00000000ebd84288,0x00000000f3b80000)
  from space 21504K, 99% used [0x00000000f5700000,0x00000000f6bfa7c0,0x00000000f6c00000)
  to   space 25088K, 0% used [0x00000000f3b80000,0x00000000f3b80000,0x00000000f5400000)
 ParOldGen       total 106496K, used 39272K [0x00000000a0000000, 0x00000000a6800000, 0x00000000e0000000)
  object space 106496K, 36% used [0x00000000a0000000,0x00000000a265a0b0,0x00000000a6800000)
 Metaspace       used 82900K, capacity 85946K, committed 86040K, reserved 1124352K
  class space    used 10635K, capacity 11268K, committed 11304K, reserved 1048576K
GC Heap History (10 events):
Event: 21.455 GC heap before
{Heap before GC invocations=17 (full 3):
 PSYoungGen      total 196096K, used 179712K [0x00000000e0000000, 0x00000000f1600000, 0x0000000100000000)
  eden space 179712K, 100% used [0x00000000e0000000,0x00000000eaf80000,0x00000000eaf80000)
  from space 16384K, 0% used [0x00000000eaf80000,0x00000000eaf80000,0x00000000ebf80000)
  to   space 16896K, 0% used [0x00000000f0580000,0x00000000f0580000,0x00000000f1600000)
 ParOldGen       total 106496K, used 30380K [0x00000000a0000000, 0x00000000a6800000, 0x00000000e0000000)
  object space 106496K, 28% used [0x00000000a0000000,0x00000000a1dab198,0x00000000a6800000)
 Metaspace       used 62118K, capacity 64020K, committed 64408K, reserved 1105920K
  class space    used 8299K, capacity 8751K, committed 8872K, reserved 1048576K
Event: 21.494 GC heap after
Heap after GC invocations=17 (full 3):
 PSYoungGen      total 248832K, used 16892K [0x00000000e0000000, 0x00000000f1600000, 0x0000000100000000)
  eden space 231936K, 0% used [0x00000000e0000000,0x00000000e0000000,0x00000000ee280000)
  from space 16896K, 99% used [0x00000000f0580000,0x00000000f15ff270,0x00000000f1600000)
  to   space 20480K, 0% used [0x00000000eee00000,0x00000000eee00000,0x00000000f0200000)
 ParOldGen       total 106496K, used 33294K [0x00000000a0000000, 0x00000000a6800000, 0x00000000e0000000)
  object space 106496K, 31% used [0x00000000a0000000,0x00000000a2083ad0,0x00000000a6800000)
 Metaspace       used 62118K, capacity 64020K, committed 64408K, reserved 1105920K
  class space    used 8299K, capacity 8751K, committed 8872K, reserved 1048576K
}
Event: 32.626 GC heap before
{Heap before GC invocations=18 (full 3):
 PSYoungGen      total 248832K, used 248828K [0x00000000e0000000, 0x00000000f1600000, 0x0000000100000000)
  eden space 231936K, 100% used [0x00000000e0000000,0x00000000ee280000,0x00000000ee280000)
  from space 16896K, 99% used [0x00000000f0580000,0x00000000f15ff270,0x00000000f1600000)
  to   space 20480K, 0% used [0x00000000eee00000,0x00000000eee00000,0x00000000f0200000)
 ParOldGen       total 106496K, used 33294K [0x00000000a0000000, 0x00000000a6800000, 0x00000000e0000000)
  object space 106496K, 31% used [0x00000000a0000000,0x00000000a2083ad0,0x00000000a6800000)
 Metaspace       used 69835K, capacity 72100K, committed 72344K, reserved 1112064K
  class space    used 9302K, capacity 9849K, committed 9896K, reserved 1048576K
Event: 32.677 GC heap after
Heap after GC invocations=18 (full 3):
 PSYoungGen      total 264192K, used 17152K [0x00000000e0000000, 0x00000000f4880000, 0x0000000100000000)
  eden space 243712K, 0% used [0x00000000e0000000,0x00000000e0000000,0x00000000eee00000)
  from space 20480K, 83% used [0x00000000eee00000,0x00000000efec02d8,0x00000000f0200000)
  to   space 22528K, 0% used [0x00000000f3280000,0x00000000f3280000,0x00000000f4880000)
 ParOldGen       total 106496K, used 39036K [0x00000000a0000000, 0x00000000a6800000, 0x00000000e0000000)
  object space 106496K, 36% used [0x00000000a0000000,0x00000000a261f068,0x00000000a6800000)
 Metaspace       used 69835K, capacity 72100K, committed 72344K, reserved 1112064K
  class space    used 9302K, capacity 9849K, committed 9896K, reserved 1048576K
}
Event: 36.977 GC heap before
{Heap before GC invocations=19 (full 3):
 PSYoungGen      total 264192K, used 260864K [0x00000000e0000000, 0x00000000f4880000, 0x0000000100000000)
  eden space 243712K, 100% used [0x00000000e0000000,0x00000000eee00000,0x00000000eee00000)
  from space 20480K, 83% used [0x00000000eee00000,0x00000000efec02d8,0x00000000f0200000)
  to   space 22528K, 0% used [0x00000000f3280000,0x00000000f3280000,0x00000000f4880000)
 ParOldGen       total 106496K, used 39036K [0x00000000a0000000, 0x00000000a6800000, 0x00000000e0000000)
  object space 106496K, 36% used [0x00000000a0000000,0x00000000a261f068,0x00000000a6800000)
 Metaspace       used 70156K, capacity 72586K, committed 72600K, reserved 1112064K
  class space    used 9338K, capacity 9894K, committed 9896K, reserved 1048576K
Event: 37.018 GC heap after
Heap after GC invocations=19 (full 3):
 PSYoungGen      total 313856K, used 13502K [0x00000000e0000000, 0x00000000f5200000, 0x0000000100000000)
  eden space 291328K, 0% used [0x00000000e0000000,0x00000000e0000000,0x00000000f1c80000)
  from space 22528K, 59% used [0x00000000f3280000,0x00000000f3fafb80,0x00000000f4880000)
  to   space 22528K, 0% used [0x00000000f1c80000,0x00000000f1c80000,0x00000000f3280000)
 ParOldGen       total 106496K, used 39044K [0x00000000a0000000, 0x00000000a6800000, 0x00000000e0000000)
  object space 106496K, 36% used [0x00000000a0000000,0x00000000a2621068,0x00000000a6800000)
 Metaspace       used 70156K, capacity 72586K, committed 72600K, reserved 1112064K
  class space    used 9338K, capacity 9894K, committed 9896K, reserved 1048576K
}
Event: 68.465 GC heap before
{Heap before GC invocations=20 (full 3):
 PSYoungGen      total 313856K, used 304830K [0x00000000e0000000, 0x00000000f5200000, 0x0000000100000000)
  eden space 291328K, 100% used [0x00000000e0000000,0x00000000f1c80000,0x00000000f1c80000)
  from space 22528K, 59% used [0x00000000f3280000,0x00000000f3fafb80,0x00000000f4880000)
  to   space 22528K, 0% used [0x00000000f1c80000,0x00000000f1c80000,0x00000000f3280000)
 ParOldGen       total 106496K, used 39044K [0x00000000a0000000, 0x00000000a6800000, 0x00000000e0000000)
  object space 106496K, 36% used [0x00000000a0000000,0x00000000a2621068,0x00000000a6800000)
 Metaspace       used 74779K, capacity 77522K, committed 77720K, reserved 1116160K
  class space    used 9762K, capacity 10360K, committed 10408K, reserved 1048576K
Event: 68.480 GC heap after
Heap after GC invocations=20 (full 3):
 PSYoungGen      total 313856K, used 7881K [0x00000000e0000000, 0x00000000f6c00000, 0x0000000100000000)
  eden space 291328K, 0% used [0x00000000e0000000,0x00000000e0000000,0x00000000f1c80000)
  from space 22528K, 34% used [0x00000000f1c80000,0x00000000f24325b8,0x00000000f3280000)
  to   space 21504K, 0% used [0x00000000f5700000,0x00000000f5700000,0x00000000f6c00000)
 ParOldGen       total 106496K, used 39052K [0x00000000a0000000, 0x00000000a6800000, 0x00000000e0000000)
  object space 106496K, 36% used [0x00000000a0000000,0x00000000a2623068,0x00000000a6800000)
 Metaspace       used 74779K, capacity 77522K, committed 77720K, reserved 1116160K
  class space    used 9762K, capacity 10360K, committed 10408K, reserved 1048576K
}
Event: 192.175 GC heap before
{Heap before GC invocations=21 (full 3):
 PSYoungGen      total 313856K, used 299209K [0x00000000e0000000, 0x00000000f6c00000, 0x0000000100000000)
  eden space 291328K, 100% used [0x00000000e0000000,0x00000000f1c80000,0x00000000f1c80000)
  from space 22528K, 34% used [0x00000000f1c80000,0x00000000f24325b8,0x00000000f3280000)
  to   space 21504K, 0% used [0x00000000f5700000,0x00000000f5700000,0x00000000f6c00000)
 ParOldGen       total 106496K, used 39052K [0x00000000a0000000, 0x00000000a6800000, 0x00000000e0000000)
  object space 106496K, 36% used [0x00000000a0000000,0x00000000a2623068,0x00000000a6800000)
 Metaspace       used 76457K, capacity 79300K, committed 79384K, reserved 1118208K
  class space    used 9869K, capacity 10489K, committed 10536K, reserved 1048576K
Event: 192.215 GC heap after
Heap after GC invocations=21 (full 3):
 PSYoungGen      total 344576K, used 21481K [0x00000000e0000000, 0x00000000f6c80000, 0x0000000100000000)
  eden space 323072K, 0% used [0x00000000e0000000,0x00000000e0000000,0x00000000f3b80000)
  from space 21504K, 99% used [0x00000000f5700000,0x00000000f6bfa7c0,0x00000000f6c00000)
  to   space 25088K, 0% used [0x00000000f3b80000,0x00000000f3b80000,0x00000000f5400000)
 ParOldGen       total 106496K, used 39272K [0x00000000a0000000, 0x00000000a6800000, 0x00000000e0000000)
  object space 106496K, 36% used [0x00000000a0000000,0x00000000a265a0b0,0x00000000a6800000)
 Metaspace       used 76457K, capacity 79300K, committed 79384K, reserved 1118208K
  class space    used 9869K, capacity 10489K, committed 10536K, reserved 1048576K
}

